2025-02-25 10:42:57 [] INFO  o.s.b.w.e.tomcat.GracefulShutdown - Commencing graceful shutdown. Waiting for active requests to complete
2025-02-25 10:42:58 [] INFO  o.s.b.w.e.tomcat.GracefulShutdown - Graceful shutdown complete
2025-02-25 12:18:10 [] DEBUG org.jboss.logging - Logging Provider: org.jboss.logging.Slf4jLoggerProvider found via system property
2025-02-25 12:18:10 [] INFO  o.h.validator.internal.util.Version - HV000001: Hibernate Validator 8.0.2.Final
2025-02-25 12:18:10 [] DEBUG o.h.v.i.x.config.ValidationXmlParser - Trying to load META-INF/validation.xml for XML based Validator configuration.
2025-02-25 12:18:10 [] DEBUG o.h.v.i.x.c.ResourceLoaderHelper - Trying to load META-INF/validation.xml via TCCL
2025-02-25 12:18:10 [] DEBUG o.h.v.i.x.c.ResourceLoaderHelper - Trying to load META-INF/validation.xml via Hibernate Validator's class loader
2025-02-25 12:18:10 [] DEBUG o.h.v.i.x.config.ValidationXmlParser - No META-INF/validation.xml found. Using annotation based configuration only.
2025-02-25 12:18:10 [] DEBUG o.h.v.i.e.r.TraversableResolvers - Cannot find jakarta.persistence.Persistence on classpath. Assuming non JPA 2 environment. All properties will per default be traversable.
2025-02-25 12:18:10 [] DEBUG o.h.v.m.ResourceBundleMessageInterpolator - Loaded expression factory via original TCCL
2025-02-25 12:18:10 [] INFO  c.c.c.g.c.CommongatewayApplication - Starting CommongatewayApplication using Java 17.0.12 with PID 46484 (D:\WORKSPACE\API-GATEWAY\commongateway\target\classes started by CITPL in D:\WORKSPACE\API-GATEWAY)
2025-02-25 12:18:10 [] DEBUG c.c.c.g.c.CommongatewayApplication - Running with Spring Boot v3.4.2, Spring v6.2.2
2025-02-25 12:18:10 [] INFO  c.c.c.g.c.CommongatewayApplication - No active profile set, falling back to 1 default profile: "default"
2025-02-25 12:18:10 [] DEBUG o.h.v.i.e.ValidatorFactoryConfigurationHelper - HV000252: Using org.hibernate.validator.internal.engine.DefaultPropertyNodeNameProvider as property node name provider.
2025-02-25 12:18:10 [] DEBUG o.h.v.i.e.ValidatorFactoryConfigurationHelper - HV000234: Using org.hibernate.validator.messageinterpolation.ResourceBundleMessageInterpolator as ValidatorFactory-scoped message interpolator.
2025-02-25 12:18:10 [] DEBUG o.h.v.i.e.ValidatorFactoryConfigurationHelper - HV000234: Using org.hibernate.validator.internal.engine.resolver.TraverseAllTraversableResolver as ValidatorFactory-scoped traversable resolver.
2025-02-25 12:18:10 [] DEBUG o.h.v.i.e.ValidatorFactoryConfigurationHelper - HV000234: Using org.hibernate.validator.internal.util.ExecutableParameterNameProvider as ValidatorFactory-scoped parameter name provider.
2025-02-25 12:18:10 [] DEBUG o.h.v.i.e.ValidatorFactoryConfigurationHelper - HV000234: Using org.hibernate.validator.internal.engine.DefaultClockProvider as ValidatorFactory-scoped clock provider.
2025-02-25 12:18:10 [] DEBUG o.h.v.i.e.ValidatorFactoryConfigurationHelper - HV000234: Using org.hibernate.validator.internal.engine.scripting.DefaultScriptEvaluatorFactory as ValidatorFactory-scoped script evaluator factory.
2025-02-25 12:18:12 [] INFO  o.s.cloud.context.scope.GenericScope - BeanFactory id=db7a461d-3fba-387a-918c-4c77c09c8bed
2025-02-25 12:18:13 [] INFO  o.s.b.w.e.tomcat.TomcatWebServer - Tomcat initialized with port 8080 (http)
2025-02-25 12:18:13 [] INFO  o.a.coyote.http11.Http11NioProtocol - Initializing ProtocolHandler ["http-nio-8080"]
2025-02-25 12:18:13 [] INFO  o.a.catalina.core.StandardService - Starting service [Tomcat]
2025-02-25 12:18:13 [] INFO  o.a.catalina.core.StandardEngine - Starting Servlet engine: [Apache Tomcat/10.1.34]
2025-02-25 12:18:13 [] INFO  o.a.c.c.C.[Tomcat].[localhost].[/] - Initializing Spring embedded WebApplicationContext
2025-02-25 12:18:13 [] INFO  o.s.b.w.s.c.ServletWebServerApplicationContext - Root WebApplicationContext: initialization completed in 3109 ms
2025-02-25 12:18:13 [] DEBUG i.n.u.i.l.InternalLoggerFactory - Using SLF4J as the default logging framework
2025-02-25 12:18:13 [] DEBUG i.n.util.internal.PlatformDependent0 - -Dio.netty.noUnsafe: false
2025-02-25 12:18:13 [] DEBUG i.n.util.internal.PlatformDependent0 - Java version: 17
2025-02-25 12:18:13 [] DEBUG i.n.util.internal.PlatformDependent0 - sun.misc.Unsafe.theUnsafe: available
2025-02-25 12:18:13 [] DEBUG i.n.util.internal.PlatformDependent0 - sun.misc.Unsafe base methods: all available
2025-02-25 12:18:13 [] DEBUG i.n.util.internal.PlatformDependent0 - sun.misc.Unsafe.storeFence: available
2025-02-25 12:18:13 [] DEBUG i.n.util.internal.PlatformDependent0 - java.nio.Buffer.address: available
2025-02-25 12:18:13 [] DEBUG i.n.util.internal.PlatformDependent0 - direct buffer constructor: unavailable: Reflective setAccessible(true) disabled
2025-02-25 12:18:13 [] DEBUG i.n.util.internal.PlatformDependent0 - java.nio.Bits.unaligned: available, true
2025-02-25 12:18:13 [] DEBUG i.n.util.internal.PlatformDependent0 - jdk.internal.misc.Unsafe.allocateUninitializedArray(int): unavailable: class io.netty.util.internal.PlatformDependent0$7 cannot access class jdk.internal.misc.Unsafe (in module java.base) because module java.base does not export jdk.internal.misc to unnamed module @62fdb4a6
2025-02-25 12:18:13 [] DEBUG i.n.util.internal.PlatformDependent0 - java.nio.DirectByteBuffer.<init>(long, {int,long}): unavailable
2025-02-25 12:18:13 [] DEBUG i.n.util.internal.PlatformDependent - sun.misc.Unsafe: available
2025-02-25 12:18:13 [] DEBUG i.n.util.internal.PlatformDependent - -Dio.netty.tmpdir: C:\Users\CITPL\AppData\Local\Temp (java.io.tmpdir)
2025-02-25 12:18:13 [] DEBUG i.n.util.internal.PlatformDependent - -Dio.netty.bitMode: 64 (sun.arch.data.model)
2025-02-25 12:18:13 [] DEBUG i.n.util.internal.PlatformDependent - Platform: Windows
2025-02-25 12:18:13 [] DEBUG i.n.util.internal.PlatformDependent - -Dio.netty.maxDirectMemory: -1 bytes
2025-02-25 12:18:13 [] DEBUG i.n.util.internal.PlatformDependent - -Dio.netty.uninitializedArrayAllocationThreshold: -1
2025-02-25 12:18:13 [] DEBUG io.netty.util.internal.CleanerJava9 - java.nio.ByteBuffer.cleaner(): available
2025-02-25 12:18:13 [] DEBUG i.n.util.internal.PlatformDependent - -Dio.netty.noPreferDirect: false
2025-02-25 12:18:14 [] DEBUG reactor.util.Loggers - Using Slf4j logging framework
2025-02-25 12:18:14 [] DEBUG o.h.v.m.ResourceBundleMessageInterpolator - Loaded expression factory via original TCCL
2025-02-25 12:18:14 [] DEBUG o.h.v.i.e.AbstractConfigurationImpl - Setting custom MessageInterpolator of type org.springframework.validation.beanvalidation.LocaleContextMessageInterpolator
2025-02-25 12:18:14 [] DEBUG o.h.v.i.e.AbstractConfigurationImpl - Setting custom ConstraintValidatorFactory of type org.springframework.validation.beanvalidation.SpringConstraintValidatorFactory
2025-02-25 12:18:14 [] DEBUG o.h.v.i.x.config.ValidationXmlParser - Trying to load META-INF/validation.xml for XML based Validator configuration.
2025-02-25 12:18:14 [] DEBUG o.h.v.i.x.c.ResourceLoaderHelper - Trying to load META-INF/validation.xml via user class loader
2025-02-25 12:18:14 [] DEBUG o.h.v.i.x.c.ResourceLoaderHelper - Trying to load META-INF/validation.xml via TCCL
2025-02-25 12:18:14 [] DEBUG o.h.v.i.x.c.ResourceLoaderHelper - Trying to load META-INF/validation.xml via Hibernate Validator's class loader
2025-02-25 12:18:14 [] DEBUG o.h.v.i.x.config.ValidationXmlParser - No META-INF/validation.xml found. Using annotation based configuration only.
2025-02-25 12:18:14 [] DEBUG o.h.v.i.e.r.TraversableResolvers - Cannot find jakarta.persistence.Persistence on classpath. Assuming non JPA 2 environment. All properties will per default be traversable.
2025-02-25 12:18:14 [] DEBUG o.h.v.i.e.ValidatorFactoryConfigurationHelper - HV000252: Using org.hibernate.validator.internal.engine.DefaultPropertyNodeNameProvider as property node name provider.
2025-02-25 12:18:14 [] DEBUG o.h.v.i.e.ValidatorFactoryConfigurationHelper - HV000234: Using org.springframework.validation.beanvalidation.LocaleContextMessageInterpolator as ValidatorFactory-scoped message interpolator.
2025-02-25 12:18:14 [] DEBUG o.h.v.i.e.ValidatorFactoryConfigurationHelper - HV000234: Using org.hibernate.validator.internal.engine.resolver.TraverseAllTraversableResolver as ValidatorFactory-scoped traversable resolver.
2025-02-25 12:18:14 [] DEBUG o.h.v.i.e.ValidatorFactoryConfigurationHelper - HV000234: Using org.hibernate.validator.internal.util.ExecutableParameterNameProvider as ValidatorFactory-scoped parameter name provider.
2025-02-25 12:18:14 [] DEBUG o.h.v.i.e.ValidatorFactoryConfigurationHelper - HV000234: Using org.hibernate.validator.internal.engine.DefaultClockProvider as ValidatorFactory-scoped clock provider.
2025-02-25 12:18:14 [] DEBUG o.h.v.i.e.ValidatorFactoryConfigurationHelper - HV000234: Using org.hibernate.validator.internal.engine.scripting.DefaultScriptEvaluatorFactory as ValidatorFactory-scoped script evaluator factory.
2025-02-25 12:18:14 [] DEBUG _.s.w.s.HandlerMapping.Mappings - 
	c.c.c.g.c.c.HomeController:
	{GET [/home]}: get()
2025-02-25 12:18:14 [] DEBUG _.s.w.s.HandlerMapping.Mappings - 
	o.s.b.a.w.s.e.BasicErrorController:
	{ [/error]}: error(HttpServletRequest)
	{ [/error], produces [text/html]}: errorHtml(HttpServletRequest,HttpServletResponse)
2025-02-25 12:18:14 [] DEBUG _.s.w.s.HandlerMapping.Mappings - 'beanNameHandlerMapping' {}
2025-02-25 12:18:14 [] DEBUG _.s.w.s.HandlerMapping.Mappings - Mapped com.citpl.common.gateway.commongateway.config.RouterConfiguration$$Lambda$895/0x000001fc1e51ad10@3a40bb52 -> com.citpl.common.gateway.commongateway.config.RouterConfiguration$$Lambda$896/0x000001fc1e51af78@3079c26a
2025-02-25 12:18:14 [] DEBUG _.s.w.s.HandlerMapping.Mappings - Mapped /validate/** -> ProxyExchangeHandlerFunction
/users/** -> ProxyExchangeHandlerFunction
2025-02-25 12:18:14 [] DEBUG _.s.w.s.HandlerMapping.Mappings - 'resourceHandlerMapping' {/webjars/**=ResourceHttpRequestHandler [classpath [META-INF/resources/webjars/]], /**=ResourceHttpRequestHandler [classpath [META-INF/resources/], classpath [resources/], classpath [static/], classpath [public/], ServletContext [/]]}
2025-02-25 12:18:15 [] DEBUG i.n.u.i.InternalThreadLocalMap - -Dio.netty.threadLocalMap.stringBuilder.initialSize: 1024
2025-02-25 12:18:15 [] DEBUG i.n.u.i.InternalThreadLocalMap - -Dio.netty.threadLocalMap.stringBuilder.maxSize: 4096
2025-02-25 12:18:15 [] DEBUG io.netty.util.ResourceLeakDetector - -Dio.netty.leakDetection.level: simple
2025-02-25 12:18:15 [] DEBUG io.netty.util.ResourceLeakDetector - -Dio.netty.leakDetection.targetRecords: 4
2025-02-25 12:18:15 [] DEBUG i.n.handler.codec.compression.Brotli - brotli4j not in the classpath; Brotli support will be unavailable.
2025-02-25 12:18:15 [] DEBUG reactor.netty.tcp.TcpResources - [http] resources will use the default LoopResources: DefaultLoopResources {prefix=reactor-http, daemon=true, selectCount=12, workerCount=12}
2025-02-25 12:18:15 [] DEBUG reactor.netty.tcp.TcpResources - [http] resources will use the default ConnectionProvider: reactor.netty.resources.DefaultPooledConnectionProvider@40016ce1
2025-02-25 12:18:15 [] DEBUG r.netty.resources.DefaultLoopIOUring - Default io_uring support : false
2025-02-25 12:18:15 [] DEBUG r.netty.resources.DefaultLoopEpoll - Default Epoll support : false
2025-02-25 12:18:15 [] DEBUG r.netty.resources.DefaultLoopKQueue - Default KQueue support : false
2025-02-25 12:18:15 [] DEBUG i.n.c.MultithreadEventLoopGroup - -Dio.netty.eventLoopThreads: 24
2025-02-25 12:18:15 [] DEBUG i.n.u.concurrent.GlobalEventExecutor - -Dio.netty.globalEventExecutor.quietPeriodSeconds: 1
2025-02-25 12:18:15 [] DEBUG io.netty.channel.nio.NioEventLoop - -Dio.netty.noKeySetOptimization: false
2025-02-25 12:18:15 [] DEBUG io.netty.channel.nio.NioEventLoop - -Dio.netty.selectorAutoRebuildThreshold: 512
2025-02-25 12:18:15 [] DEBUG i.n.util.internal.PlatformDependent - org.jctools-core.MpscChunkedArrayQueue: available
2025-02-25 12:18:15 [] DEBUG io.netty.util.NetUtil - -Djava.net.preferIPv4Stack: false
2025-02-25 12:18:15 [] DEBUG io.netty.util.NetUtil - -Djava.net.preferIPv6Addresses: false
2025-02-25 12:18:15 [] DEBUG i.netty.util.NetUtilInitializations - Loopback interface: lo (Software Loopback Interface 1, 127.0.0.1)
2025-02-25 12:18:15 [] DEBUG io.netty.util.NetUtil - Failed to get SOMAXCONN from sysctl and file \proc\sys\net\core\somaxconn. Default: 200
2025-02-25 12:18:15 [] DEBUG i.netty.resolver.dns.DnsNameResolver - Default ResolvedAddressTypes: IPV4_ONLY
2025-02-25 12:18:15 [] DEBUG i.netty.resolver.dns.DnsNameResolver - Localhost address: localhost/127.0.0.1
2025-02-25 12:18:15 [] DEBUG i.netty.resolver.dns.DnsNameResolver - Windows hostname: DESKTOP-P307093
2025-02-25 12:18:15 [] DEBUG i.netty.resolver.dns.DnsNameResolver - Default search domains: []
2025-02-25 12:18:15 [] DEBUG i.netty.resolver.dns.DnsNameResolver - Default UnixResolverOptions{ndots=1, timeout=5, attempts=16}
2025-02-25 12:18:15 [] DEBUG i.n.r.DefaultHostsFileEntriesResolver - -Dio.netty.hostsFileRefreshInterval: 0
2025-02-25 12:18:15 [] DEBUG i.n.r.d.DefaultDnsServerAddressStreamProvider - Default DNS servers: [/8.8.8.8:53, /4.2.2.2:53] (sun.net.dns.ResolverConfiguration)
2025-02-25 12:18:15 [] INFO  o.a.coyote.http11.Http11NioProtocol - Starting ProtocolHandler ["http-nio-8080"]
2025-02-25 12:18:15 [] INFO  o.s.b.w.e.tomcat.TomcatWebServer - Tomcat started on port 8080 (http) with context path '/'
2025-02-25 12:18:15 [] INFO  c.c.c.g.c.CommongatewayApplication - Started CommongatewayApplication in 6.205 seconds (process running for 7.371)
2025-02-25 12:39:11 [] INFO  o.s.b.w.e.tomcat.GracefulShutdown - Commencing graceful shutdown. Waiting for active requests to complete
2025-02-25 12:39:11 [] INFO  o.s.b.w.e.tomcat.GracefulShutdown - Graceful shutdown complete
2025-02-25 12:39:18 [] DEBUG org.jboss.logging - Logging Provider: org.jboss.logging.Slf4jLoggerProvider found via system property
2025-02-25 12:39:18 [] INFO  o.h.validator.internal.util.Version - HV000001: Hibernate Validator 8.0.2.Final
2025-02-25 12:39:18 [] DEBUG o.h.v.i.x.config.ValidationXmlParser - Trying to load META-INF/validation.xml for XML based Validator configuration.
2025-02-25 12:39:18 [] DEBUG o.h.v.i.x.c.ResourceLoaderHelper - Trying to load META-INF/validation.xml via TCCL
2025-02-25 12:39:18 [] DEBUG o.h.v.i.x.c.ResourceLoaderHelper - Trying to load META-INF/validation.xml via Hibernate Validator's class loader
2025-02-25 12:39:18 [] DEBUG o.h.v.i.x.config.ValidationXmlParser - No META-INF/validation.xml found. Using annotation based configuration only.
2025-02-25 12:39:18 [] DEBUG o.h.v.i.e.r.TraversableResolvers - Cannot find jakarta.persistence.Persistence on classpath. Assuming non JPA 2 environment. All properties will per default be traversable.
2025-02-25 12:39:18 [] DEBUG o.h.v.m.ResourceBundleMessageInterpolator - Loaded expression factory via original TCCL
2025-02-25 12:39:18 [] INFO  c.c.c.g.c.CommongatewayApplication - Starting CommongatewayApplication using Java 17.0.12 with PID 45140 (D:\WORKSPACE\API-GATEWAY\commongateway\target\classes started by CITPL in D:\WORKSPACE\API-GATEWAY)
2025-02-25 12:39:18 [] DEBUG c.c.c.g.c.CommongatewayApplication - Running with Spring Boot v3.4.2, Spring v6.2.2
2025-02-25 12:39:18 [] INFO  c.c.c.g.c.CommongatewayApplication - No active profile set, falling back to 1 default profile: "default"
2025-02-25 12:39:19 [] DEBUG o.h.v.i.e.ValidatorFactoryConfigurationHelper - HV000252: Using org.hibernate.validator.internal.engine.DefaultPropertyNodeNameProvider as property node name provider.
2025-02-25 12:39:19 [] DEBUG o.h.v.i.e.ValidatorFactoryConfigurationHelper - HV000234: Using org.hibernate.validator.messageinterpolation.ResourceBundleMessageInterpolator as ValidatorFactory-scoped message interpolator.
2025-02-25 12:39:19 [] DEBUG o.h.v.i.e.ValidatorFactoryConfigurationHelper - HV000234: Using org.hibernate.validator.internal.engine.resolver.TraverseAllTraversableResolver as ValidatorFactory-scoped traversable resolver.
2025-02-25 12:39:19 [] DEBUG o.h.v.i.e.ValidatorFactoryConfigurationHelper - HV000234: Using org.hibernate.validator.internal.util.ExecutableParameterNameProvider as ValidatorFactory-scoped parameter name provider.
2025-02-25 12:39:19 [] DEBUG o.h.v.i.e.ValidatorFactoryConfigurationHelper - HV000234: Using org.hibernate.validator.internal.engine.DefaultClockProvider as ValidatorFactory-scoped clock provider.
2025-02-25 12:39:19 [] DEBUG o.h.v.i.e.ValidatorFactoryConfigurationHelper - HV000234: Using org.hibernate.validator.internal.engine.scripting.DefaultScriptEvaluatorFactory as ValidatorFactory-scoped script evaluator factory.
2025-02-25 12:39:20 [] INFO  o.s.cloud.context.scope.GenericScope - BeanFactory id=db7a461d-3fba-387a-918c-4c77c09c8bed
2025-02-25 12:39:21 [] INFO  o.s.b.w.e.tomcat.TomcatWebServer - Tomcat initialized with port 8080 (http)
2025-02-25 12:39:21 [] INFO  o.a.coyote.http11.Http11NioProtocol - Initializing ProtocolHandler ["http-nio-8080"]
2025-02-25 12:39:21 [] INFO  o.a.catalina.core.StandardService - Starting service [Tomcat]
2025-02-25 12:39:21 [] INFO  o.a.catalina.core.StandardEngine - Starting Servlet engine: [Apache Tomcat/10.1.34]
2025-02-25 12:39:21 [] INFO  o.a.c.c.C.[Tomcat].[localhost].[/] - Initializing Spring embedded WebApplicationContext
2025-02-25 12:39:21 [] INFO  o.s.b.w.s.c.ServletWebServerApplicationContext - Root WebApplicationContext: initialization completed in 2768 ms
2025-02-25 12:39:22 [] DEBUG i.n.u.i.l.InternalLoggerFactory - Using SLF4J as the default logging framework
2025-02-25 12:39:22 [] DEBUG i.n.util.internal.PlatformDependent0 - -Dio.netty.noUnsafe: false
2025-02-25 12:39:22 [] DEBUG i.n.util.internal.PlatformDependent0 - Java version: 17
2025-02-25 12:39:22 [] DEBUG i.n.util.internal.PlatformDependent0 - sun.misc.Unsafe.theUnsafe: available
2025-02-25 12:39:22 [] DEBUG i.n.util.internal.PlatformDependent0 - sun.misc.Unsafe base methods: all available
2025-02-25 12:39:22 [] DEBUG i.n.util.internal.PlatformDependent0 - sun.misc.Unsafe.storeFence: available
2025-02-25 12:39:22 [] DEBUG i.n.util.internal.PlatformDependent0 - java.nio.Buffer.address: available
2025-02-25 12:39:22 [] DEBUG i.n.util.internal.PlatformDependent0 - direct buffer constructor: unavailable: Reflective setAccessible(true) disabled
2025-02-25 12:39:22 [] DEBUG i.n.util.internal.PlatformDependent0 - java.nio.Bits.unaligned: available, true
2025-02-25 12:39:22 [] DEBUG i.n.util.internal.PlatformDependent0 - jdk.internal.misc.Unsafe.allocateUninitializedArray(int): unavailable: class io.netty.util.internal.PlatformDependent0$7 cannot access class jdk.internal.misc.Unsafe (in module java.base) because module java.base does not export jdk.internal.misc to unnamed module @1dd02175
2025-02-25 12:39:22 [] DEBUG i.n.util.internal.PlatformDependent0 - java.nio.DirectByteBuffer.<init>(long, {int,long}): unavailable
2025-02-25 12:39:22 [] DEBUG i.n.util.internal.PlatformDependent - sun.misc.Unsafe: available
2025-02-25 12:39:22 [] DEBUG i.n.util.internal.PlatformDependent - -Dio.netty.tmpdir: C:\Users\CITPL\AppData\Local\Temp (java.io.tmpdir)
2025-02-25 12:39:22 [] DEBUG i.n.util.internal.PlatformDependent - -Dio.netty.bitMode: 64 (sun.arch.data.model)
2025-02-25 12:39:22 [] DEBUG i.n.util.internal.PlatformDependent - Platform: Windows
2025-02-25 12:39:22 [] DEBUG i.n.util.internal.PlatformDependent - -Dio.netty.maxDirectMemory: -1 bytes
2025-02-25 12:39:22 [] DEBUG i.n.util.internal.PlatformDependent - -Dio.netty.uninitializedArrayAllocationThreshold: -1
2025-02-25 12:39:22 [] DEBUG io.netty.util.internal.CleanerJava9 - java.nio.ByteBuffer.cleaner(): available
2025-02-25 12:39:22 [] DEBUG i.n.util.internal.PlatformDependent - -Dio.netty.noPreferDirect: false
2025-02-25 12:39:22 [] DEBUG reactor.util.Loggers - Using Slf4j logging framework
2025-02-25 12:39:22 [] DEBUG o.h.v.m.ResourceBundleMessageInterpolator - Loaded expression factory via original TCCL
2025-02-25 12:39:22 [] DEBUG o.h.v.i.e.AbstractConfigurationImpl - Setting custom MessageInterpolator of type org.springframework.validation.beanvalidation.LocaleContextMessageInterpolator
2025-02-25 12:39:22 [] DEBUG o.h.v.i.e.AbstractConfigurationImpl - Setting custom ConstraintValidatorFactory of type org.springframework.validation.beanvalidation.SpringConstraintValidatorFactory
2025-02-25 12:39:22 [] DEBUG o.h.v.i.x.config.ValidationXmlParser - Trying to load META-INF/validation.xml for XML based Validator configuration.
2025-02-25 12:39:22 [] DEBUG o.h.v.i.x.c.ResourceLoaderHelper - Trying to load META-INF/validation.xml via user class loader
2025-02-25 12:39:22 [] DEBUG o.h.v.i.x.c.ResourceLoaderHelper - Trying to load META-INF/validation.xml via TCCL
2025-02-25 12:39:22 [] DEBUG o.h.v.i.x.c.ResourceLoaderHelper - Trying to load META-INF/validation.xml via Hibernate Validator's class loader
2025-02-25 12:39:22 [] DEBUG o.h.v.i.x.config.ValidationXmlParser - No META-INF/validation.xml found. Using annotation based configuration only.
2025-02-25 12:39:22 [] DEBUG o.h.v.i.e.r.TraversableResolvers - Cannot find jakarta.persistence.Persistence on classpath. Assuming non JPA 2 environment. All properties will per default be traversable.
2025-02-25 12:39:22 [] DEBUG o.h.v.i.e.ValidatorFactoryConfigurationHelper - HV000252: Using org.hibernate.validator.internal.engine.DefaultPropertyNodeNameProvider as property node name provider.
2025-02-25 12:39:22 [] DEBUG o.h.v.i.e.ValidatorFactoryConfigurationHelper - HV000234: Using org.springframework.validation.beanvalidation.LocaleContextMessageInterpolator as ValidatorFactory-scoped message interpolator.
2025-02-25 12:39:22 [] DEBUG o.h.v.i.e.ValidatorFactoryConfigurationHelper - HV000234: Using org.hibernate.validator.internal.engine.resolver.TraverseAllTraversableResolver as ValidatorFactory-scoped traversable resolver.
2025-02-25 12:39:22 [] DEBUG o.h.v.i.e.ValidatorFactoryConfigurationHelper - HV000234: Using org.hibernate.validator.internal.util.ExecutableParameterNameProvider as ValidatorFactory-scoped parameter name provider.
2025-02-25 12:39:22 [] DEBUG o.h.v.i.e.ValidatorFactoryConfigurationHelper - HV000234: Using org.hibernate.validator.internal.engine.DefaultClockProvider as ValidatorFactory-scoped clock provider.
2025-02-25 12:39:22 [] DEBUG o.h.v.i.e.ValidatorFactoryConfigurationHelper - HV000234: Using org.hibernate.validator.internal.engine.scripting.DefaultScriptEvaluatorFactory as ValidatorFactory-scoped script evaluator factory.
2025-02-25 12:39:22 [] DEBUG _.s.w.s.HandlerMapping.Mappings - 
	c.c.c.g.c.c.HomeController:
	{GET [/home]}: get()
2025-02-25 12:39:22 [] DEBUG _.s.w.s.HandlerMapping.Mappings - 
	o.s.b.a.w.s.e.BasicErrorController:
	{ [/error]}: error(HttpServletRequest)
	{ [/error], produces [text/html]}: errorHtml(HttpServletRequest,HttpServletResponse)
2025-02-25 12:39:22 [] DEBUG _.s.w.s.HandlerMapping.Mappings - 'beanNameHandlerMapping' {}
2025-02-25 12:39:22 [] DEBUG _.s.w.s.HandlerMapping.Mappings - Mapped com.citpl.common.gateway.commongateway.config.RouterConfiguration$$Lambda$895/0x000001fb6651ad10@7ceb6c45 -> com.citpl.common.gateway.commongateway.config.RouterConfiguration$$Lambda$896/0x000001fb6651af78@629075f4
2025-02-25 12:39:22 [] DEBUG _.s.w.s.HandlerMapping.Mappings - Mapped /validate/** -> ProxyExchangeHandlerFunction
/users/** -> ProxyExchangeHandlerFunction
2025-02-25 12:39:22 [] DEBUG _.s.w.s.HandlerMapping.Mappings - 'resourceHandlerMapping' {/webjars/**=ResourceHttpRequestHandler [classpath [META-INF/resources/webjars/]], /**=ResourceHttpRequestHandler [classpath [META-INF/resources/], classpath [resources/], classpath [static/], classpath [public/], ServletContext [/]]}
2025-02-25 12:39:23 [] DEBUG i.n.u.i.InternalThreadLocalMap - -Dio.netty.threadLocalMap.stringBuilder.initialSize: 1024
2025-02-25 12:39:23 [] DEBUG i.n.u.i.InternalThreadLocalMap - -Dio.netty.threadLocalMap.stringBuilder.maxSize: 4096
2025-02-25 12:39:23 [] DEBUG io.netty.util.ResourceLeakDetector - -Dio.netty.leakDetection.level: simple
2025-02-25 12:39:23 [] DEBUG io.netty.util.ResourceLeakDetector - -Dio.netty.leakDetection.targetRecords: 4
2025-02-25 12:39:23 [] DEBUG i.n.handler.codec.compression.Brotli - brotli4j not in the classpath; Brotli support will be unavailable.
2025-02-25 12:39:23 [] DEBUG reactor.netty.tcp.TcpResources - [http] resources will use the default LoopResources: DefaultLoopResources {prefix=reactor-http, daemon=true, selectCount=12, workerCount=12}
2025-02-25 12:39:23 [] DEBUG reactor.netty.tcp.TcpResources - [http] resources will use the default ConnectionProvider: reactor.netty.resources.DefaultPooledConnectionProvider@be6d228
2025-02-25 12:39:23 [] DEBUG r.netty.resources.DefaultLoopIOUring - Default io_uring support : false
2025-02-25 12:39:23 [] DEBUG r.netty.resources.DefaultLoopEpoll - Default Epoll support : false
2025-02-25 12:39:23 [] DEBUG r.netty.resources.DefaultLoopKQueue - Default KQueue support : false
2025-02-25 12:39:23 [] DEBUG i.n.c.MultithreadEventLoopGroup - -Dio.netty.eventLoopThreads: 24
2025-02-25 12:39:23 [] DEBUG i.n.u.concurrent.GlobalEventExecutor - -Dio.netty.globalEventExecutor.quietPeriodSeconds: 1
2025-02-25 12:39:23 [] DEBUG io.netty.channel.nio.NioEventLoop - -Dio.netty.noKeySetOptimization: false
2025-02-25 12:39:23 [] DEBUG io.netty.channel.nio.NioEventLoop - -Dio.netty.selectorAutoRebuildThreshold: 512
2025-02-25 12:39:23 [] DEBUG i.n.util.internal.PlatformDependent - org.jctools-core.MpscChunkedArrayQueue: available
2025-02-25 12:39:23 [] DEBUG io.netty.util.NetUtil - -Djava.net.preferIPv4Stack: false
2025-02-25 12:39:23 [] DEBUG io.netty.util.NetUtil - -Djava.net.preferIPv6Addresses: false
2025-02-25 12:39:23 [] DEBUG i.netty.util.NetUtilInitializations - Loopback interface: lo (Software Loopback Interface 1, 127.0.0.1)
2025-02-25 12:39:23 [] DEBUG io.netty.util.NetUtil - Failed to get SOMAXCONN from sysctl and file \proc\sys\net\core\somaxconn. Default: 200
2025-02-25 12:39:23 [] DEBUG i.netty.resolver.dns.DnsNameResolver - Default ResolvedAddressTypes: IPV4_ONLY
2025-02-25 12:39:23 [] DEBUG i.netty.resolver.dns.DnsNameResolver - Localhost address: localhost/127.0.0.1
2025-02-25 12:39:23 [] DEBUG i.netty.resolver.dns.DnsNameResolver - Windows hostname: DESKTOP-P307093
2025-02-25 12:39:23 [] DEBUG i.netty.resolver.dns.DnsNameResolver - Default search domains: []
2025-02-25 12:39:24 [] DEBUG i.netty.resolver.dns.DnsNameResolver - Default UnixResolverOptions{ndots=1, timeout=5, attempts=16}
2025-02-25 12:39:24 [] DEBUG i.n.r.DefaultHostsFileEntriesResolver - -Dio.netty.hostsFileRefreshInterval: 0
2025-02-25 12:39:24 [] DEBUG i.n.r.d.DefaultDnsServerAddressStreamProvider - Default DNS servers: [/8.8.8.8:53, /4.2.2.2:53] (sun.net.dns.ResolverConfiguration)
2025-02-25 12:39:24 [] INFO  o.a.coyote.http11.Http11NioProtocol - Starting ProtocolHandler ["http-nio-8080"]
2025-02-25 12:39:24 [] INFO  o.s.b.w.e.tomcat.TomcatWebServer - Tomcat started on port 8080 (http) with context path '/'
2025-02-25 12:39:24 [] INFO  c.c.c.g.c.CommongatewayApplication - Started CommongatewayApplication in 6.231 seconds (process running for 7.423)
2025-02-25 12:44:15 [] INFO  o.s.b.w.e.tomcat.GracefulShutdown - Commencing graceful shutdown. Waiting for active requests to complete
2025-02-25 12:44:15 [] INFO  o.s.b.w.e.tomcat.GracefulShutdown - Graceful shutdown complete
2025-02-25 13:13:46 [] DEBUG org.jboss.logging - Logging Provider: org.jboss.logging.Slf4jLoggerProvider found via system property
2025-02-25 13:13:46 [] INFO  o.h.validator.internal.util.Version - HV000001: Hibernate Validator 8.0.2.Final
2025-02-25 13:13:46 [] DEBUG o.h.v.i.x.config.ValidationXmlParser - Trying to load META-INF/validation.xml for XML based Validator configuration.
2025-02-25 13:13:46 [] DEBUG o.h.v.i.x.c.ResourceLoaderHelper - Trying to load META-INF/validation.xml via TCCL
2025-02-25 13:13:46 [] DEBUG o.h.v.i.x.c.ResourceLoaderHelper - Trying to load META-INF/validation.xml via Hibernate Validator's class loader
2025-02-25 13:13:46 [] DEBUG o.h.v.i.x.config.ValidationXmlParser - No META-INF/validation.xml found. Using annotation based configuration only.
2025-02-25 13:13:46 [] DEBUG o.h.v.i.e.r.TraversableResolvers - Cannot find jakarta.persistence.Persistence on classpath. Assuming non JPA 2 environment. All properties will per default be traversable.
2025-02-25 13:13:46 [] DEBUG o.h.v.m.ResourceBundleMessageInterpolator - Loaded expression factory via original TCCL
2025-02-25 13:13:46 [] INFO  c.c.c.g.c.CommongatewayApplication - Starting CommongatewayApplication using Java 17.0.12 with PID 58488 (D:\WORKSPACE\API-GATEWAY\commongateway\target\classes started by CITPL in D:\WORKSPACE\API-GATEWAY)
2025-02-25 13:13:46 [] DEBUG c.c.c.g.c.CommongatewayApplication - Running with Spring Boot v3.4.2, Spring v6.2.2
2025-02-25 13:13:46 [] INFO  c.c.c.g.c.CommongatewayApplication - No active profile set, falling back to 1 default profile: "default"
2025-02-25 13:13:46 [] DEBUG o.h.v.i.e.ValidatorFactoryConfigurationHelper - HV000252: Using org.hibernate.validator.internal.engine.DefaultPropertyNodeNameProvider as property node name provider.
2025-02-25 13:13:46 [] DEBUG o.h.v.i.e.ValidatorFactoryConfigurationHelper - HV000234: Using org.hibernate.validator.messageinterpolation.ResourceBundleMessageInterpolator as ValidatorFactory-scoped message interpolator.
2025-02-25 13:13:46 [] DEBUG o.h.v.i.e.ValidatorFactoryConfigurationHelper - HV000234: Using org.hibernate.validator.internal.engine.resolver.TraverseAllTraversableResolver as ValidatorFactory-scoped traversable resolver.
2025-02-25 13:13:46 [] DEBUG o.h.v.i.e.ValidatorFactoryConfigurationHelper - HV000234: Using org.hibernate.validator.internal.util.ExecutableParameterNameProvider as ValidatorFactory-scoped parameter name provider.
2025-02-25 13:13:46 [] DEBUG o.h.v.i.e.ValidatorFactoryConfigurationHelper - HV000234: Using org.hibernate.validator.internal.engine.DefaultClockProvider as ValidatorFactory-scoped clock provider.
2025-02-25 13:13:46 [] DEBUG o.h.v.i.e.ValidatorFactoryConfigurationHelper - HV000234: Using org.hibernate.validator.internal.engine.scripting.DefaultScriptEvaluatorFactory as ValidatorFactory-scoped script evaluator factory.
2025-02-25 13:13:48 [] INFO  o.s.cloud.context.scope.GenericScope - BeanFactory id=db7a461d-3fba-387a-918c-4c77c09c8bed
2025-02-25 13:13:49 [] INFO  o.s.b.w.e.tomcat.TomcatWebServer - Tomcat initialized with port 8080 (http)
2025-02-25 13:13:49 [] INFO  o.a.coyote.http11.Http11NioProtocol - Initializing ProtocolHandler ["http-nio-8080"]
2025-02-25 13:13:49 [] INFO  o.a.catalina.core.StandardService - Starting service [Tomcat]
2025-02-25 13:13:49 [] INFO  o.a.catalina.core.StandardEngine - Starting Servlet engine: [Apache Tomcat/10.1.34]
2025-02-25 13:13:49 [] INFO  o.a.c.c.C.[Tomcat].[localhost].[/] - Initializing Spring embedded WebApplicationContext
2025-02-25 13:13:49 [] INFO  o.s.b.w.s.c.ServletWebServerApplicationContext - Root WebApplicationContext: initialization completed in 2735 ms
2025-02-25 13:13:49 [] DEBUG i.n.u.i.l.InternalLoggerFactory - Using SLF4J as the default logging framework
2025-02-25 13:13:49 [] DEBUG i.n.util.internal.PlatformDependent0 - -Dio.netty.noUnsafe: false
2025-02-25 13:13:49 [] DEBUG i.n.util.internal.PlatformDependent0 - Java version: 17
2025-02-25 13:13:49 [] DEBUG i.n.util.internal.PlatformDependent0 - sun.misc.Unsafe.theUnsafe: available
2025-02-25 13:13:49 [] DEBUG i.n.util.internal.PlatformDependent0 - sun.misc.Unsafe base methods: all available
2025-02-25 13:13:49 [] DEBUG i.n.util.internal.PlatformDependent0 - sun.misc.Unsafe.storeFence: available
2025-02-25 13:13:49 [] DEBUG i.n.util.internal.PlatformDependent0 - java.nio.Buffer.address: available
2025-02-25 13:13:49 [] DEBUG i.n.util.internal.PlatformDependent0 - direct buffer constructor: unavailable: Reflective setAccessible(true) disabled
2025-02-25 13:13:49 [] DEBUG i.n.util.internal.PlatformDependent0 - java.nio.Bits.unaligned: available, true
2025-02-25 13:13:49 [] DEBUG i.n.util.internal.PlatformDependent0 - jdk.internal.misc.Unsafe.allocateUninitializedArray(int): unavailable: class io.netty.util.internal.PlatformDependent0$7 cannot access class jdk.internal.misc.Unsafe (in module java.base) because module java.base does not export jdk.internal.misc to unnamed module @1dd02175
2025-02-25 13:13:49 [] DEBUG i.n.util.internal.PlatformDependent0 - java.nio.DirectByteBuffer.<init>(long, {int,long}): unavailable
2025-02-25 13:13:49 [] DEBUG i.n.util.internal.PlatformDependent - sun.misc.Unsafe: available
2025-02-25 13:13:49 [] DEBUG i.n.util.internal.PlatformDependent - -Dio.netty.tmpdir: C:\Users\CITPL\AppData\Local\Temp (java.io.tmpdir)
2025-02-25 13:13:49 [] DEBUG i.n.util.internal.PlatformDependent - -Dio.netty.bitMode: 64 (sun.arch.data.model)
2025-02-25 13:13:49 [] DEBUG i.n.util.internal.PlatformDependent - Platform: Windows
2025-02-25 13:13:49 [] DEBUG i.n.util.internal.PlatformDependent - -Dio.netty.maxDirectMemory: -1 bytes
2025-02-25 13:13:49 [] DEBUG i.n.util.internal.PlatformDependent - -Dio.netty.uninitializedArrayAllocationThreshold: -1
2025-02-25 13:13:49 [] DEBUG io.netty.util.internal.CleanerJava9 - java.nio.ByteBuffer.cleaner(): available
2025-02-25 13:13:49 [] DEBUG i.n.util.internal.PlatformDependent - -Dio.netty.noPreferDirect: false
2025-02-25 13:13:50 [] DEBUG reactor.util.Loggers - Using Slf4j logging framework
2025-02-25 13:13:50 [] DEBUG o.h.v.m.ResourceBundleMessageInterpolator - Loaded expression factory via original TCCL
2025-02-25 13:13:50 [] DEBUG o.h.v.i.e.AbstractConfigurationImpl - Setting custom MessageInterpolator of type org.springframework.validation.beanvalidation.LocaleContextMessageInterpolator
2025-02-25 13:13:50 [] DEBUG o.h.v.i.e.AbstractConfigurationImpl - Setting custom ConstraintValidatorFactory of type org.springframework.validation.beanvalidation.SpringConstraintValidatorFactory
2025-02-25 13:13:50 [] DEBUG o.h.v.i.x.config.ValidationXmlParser - Trying to load META-INF/validation.xml for XML based Validator configuration.
2025-02-25 13:13:50 [] DEBUG o.h.v.i.x.c.ResourceLoaderHelper - Trying to load META-INF/validation.xml via user class loader
2025-02-25 13:13:50 [] DEBUG o.h.v.i.x.c.ResourceLoaderHelper - Trying to load META-INF/validation.xml via TCCL
2025-02-25 13:13:50 [] DEBUG o.h.v.i.x.c.ResourceLoaderHelper - Trying to load META-INF/validation.xml via Hibernate Validator's class loader
2025-02-25 13:13:50 [] DEBUG o.h.v.i.x.config.ValidationXmlParser - No META-INF/validation.xml found. Using annotation based configuration only.
2025-02-25 13:13:50 [] DEBUG o.h.v.i.e.r.TraversableResolvers - Cannot find jakarta.persistence.Persistence on classpath. Assuming non JPA 2 environment. All properties will per default be traversable.
2025-02-25 13:13:50 [] DEBUG o.h.v.i.e.ValidatorFactoryConfigurationHelper - HV000252: Using org.hibernate.validator.internal.engine.DefaultPropertyNodeNameProvider as property node name provider.
2025-02-25 13:13:50 [] DEBUG o.h.v.i.e.ValidatorFactoryConfigurationHelper - HV000234: Using org.springframework.validation.beanvalidation.LocaleContextMessageInterpolator as ValidatorFactory-scoped message interpolator.
2025-02-25 13:13:50 [] DEBUG o.h.v.i.e.ValidatorFactoryConfigurationHelper - HV000234: Using org.hibernate.validator.internal.engine.resolver.TraverseAllTraversableResolver as ValidatorFactory-scoped traversable resolver.
2025-02-25 13:13:50 [] DEBUG o.h.v.i.e.ValidatorFactoryConfigurationHelper - HV000234: Using org.hibernate.validator.internal.util.ExecutableParameterNameProvider as ValidatorFactory-scoped parameter name provider.
2025-02-25 13:13:50 [] DEBUG o.h.v.i.e.ValidatorFactoryConfigurationHelper - HV000234: Using org.hibernate.validator.internal.engine.DefaultClockProvider as ValidatorFactory-scoped clock provider.
2025-02-25 13:13:50 [] DEBUG o.h.v.i.e.ValidatorFactoryConfigurationHelper - HV000234: Using org.hibernate.validator.internal.engine.scripting.DefaultScriptEvaluatorFactory as ValidatorFactory-scoped script evaluator factory.
2025-02-25 13:13:50 [] DEBUG _.s.w.s.HandlerMapping.Mappings - 
	c.c.c.g.c.c.HomeController:
	{GET [/home]}: get()
2025-02-25 13:13:50 [] DEBUG _.s.w.s.HandlerMapping.Mappings - 
	o.s.b.a.w.s.e.BasicErrorController:
	{ [/error]}: error(HttpServletRequest)
	{ [/error], produces [text/html]}: errorHtml(HttpServletRequest,HttpServletResponse)
2025-02-25 13:13:50 [] DEBUG _.s.w.s.HandlerMapping.Mappings - 'beanNameHandlerMapping' {}
2025-02-25 13:13:50 [] DEBUG _.s.w.s.HandlerMapping.Mappings - Mapped com.citpl.common.gateway.commongateway.config.RouterConfiguration$$Lambda$895/0x000001312051ad10@39652a30 -> com.citpl.common.gateway.commongateway.config.RouterConfiguration$$Lambda$896/0x000001312051af78@5763a655
2025-02-25 13:13:50 [] DEBUG _.s.w.s.HandlerMapping.Mappings - Mapped /validate/** -> ProxyExchangeHandlerFunction
/users/** -> ProxyExchangeHandlerFunction
2025-02-25 13:13:50 [] DEBUG _.s.w.s.HandlerMapping.Mappings - 'resourceHandlerMapping' {/webjars/**=ResourceHttpRequestHandler [classpath [META-INF/resources/webjars/]], /**=ResourceHttpRequestHandler [classpath [META-INF/resources/], classpath [resources/], classpath [static/], classpath [public/], ServletContext [/]]}
2025-02-25 13:13:51 [] DEBUG i.n.u.i.InternalThreadLocalMap - -Dio.netty.threadLocalMap.stringBuilder.initialSize: 1024
2025-02-25 13:13:51 [] DEBUG i.n.u.i.InternalThreadLocalMap - -Dio.netty.threadLocalMap.stringBuilder.maxSize: 4096
2025-02-25 13:13:51 [] DEBUG io.netty.util.ResourceLeakDetector - -Dio.netty.leakDetection.level: simple
2025-02-25 13:13:51 [] DEBUG io.netty.util.ResourceLeakDetector - -Dio.netty.leakDetection.targetRecords: 4
2025-02-25 13:13:51 [] DEBUG i.n.handler.codec.compression.Brotli - brotli4j not in the classpath; Brotli support will be unavailable.
2025-02-25 13:13:51 [] DEBUG reactor.netty.tcp.TcpResources - [http] resources will use the default LoopResources: DefaultLoopResources {prefix=reactor-http, daemon=true, selectCount=12, workerCount=12}
2025-02-25 13:13:51 [] DEBUG reactor.netty.tcp.TcpResources - [http] resources will use the default ConnectionProvider: reactor.netty.resources.DefaultPooledConnectionProvider@6dded900
2025-02-25 13:13:51 [] DEBUG r.netty.resources.DefaultLoopIOUring - Default io_uring support : false
2025-02-25 13:13:51 [] DEBUG r.netty.resources.DefaultLoopEpoll - Default Epoll support : false
2025-02-25 13:13:51 [] DEBUG r.netty.resources.DefaultLoopKQueue - Default KQueue support : false
2025-02-25 13:13:51 [] DEBUG i.n.c.MultithreadEventLoopGroup - -Dio.netty.eventLoopThreads: 24
2025-02-25 13:13:51 [] DEBUG i.n.u.concurrent.GlobalEventExecutor - -Dio.netty.globalEventExecutor.quietPeriodSeconds: 1
2025-02-25 13:13:51 [] DEBUG io.netty.channel.nio.NioEventLoop - -Dio.netty.noKeySetOptimization: false
2025-02-25 13:13:51 [] DEBUG io.netty.channel.nio.NioEventLoop - -Dio.netty.selectorAutoRebuildThreshold: 512
2025-02-25 13:13:51 [] DEBUG i.n.util.internal.PlatformDependent - org.jctools-core.MpscChunkedArrayQueue: available
2025-02-25 13:13:51 [] DEBUG io.netty.util.NetUtil - -Djava.net.preferIPv4Stack: false
2025-02-25 13:13:51 [] DEBUG io.netty.util.NetUtil - -Djava.net.preferIPv6Addresses: false
2025-02-25 13:13:51 [] DEBUG i.netty.util.NetUtilInitializations - Loopback interface: lo (Software Loopback Interface 1, 127.0.0.1)
2025-02-25 13:13:51 [] DEBUG io.netty.util.NetUtil - Failed to get SOMAXCONN from sysctl and file \proc\sys\net\core\somaxconn. Default: 200
2025-02-25 13:13:51 [] DEBUG i.netty.resolver.dns.DnsNameResolver - Default ResolvedAddressTypes: IPV4_ONLY
2025-02-25 13:13:51 [] DEBUG i.netty.resolver.dns.DnsNameResolver - Localhost address: localhost/127.0.0.1
2025-02-25 13:13:51 [] DEBUG i.netty.resolver.dns.DnsNameResolver - Windows hostname: DESKTOP-P307093
2025-02-25 13:13:51 [] DEBUG i.netty.resolver.dns.DnsNameResolver - Default search domains: []
2025-02-25 13:13:51 [] DEBUG i.netty.resolver.dns.DnsNameResolver - Default UnixResolverOptions{ndots=1, timeout=5, attempts=16}
2025-02-25 13:13:51 [] DEBUG i.n.r.DefaultHostsFileEntriesResolver - -Dio.netty.hostsFileRefreshInterval: 0
2025-02-25 13:13:51 [] DEBUG i.n.r.d.DefaultDnsServerAddressStreamProvider - Default DNS servers: [/8.8.8.8:53, /4.2.2.2:53] (sun.net.dns.ResolverConfiguration)
2025-02-25 13:13:51 [] INFO  o.a.coyote.http11.Http11NioProtocol - Starting ProtocolHandler ["http-nio-8080"]
2025-02-25 13:13:51 [] INFO  o.s.b.w.e.tomcat.TomcatWebServer - Tomcat started on port 8080 (http) with context path '/'
2025-02-25 13:13:52 [] INFO  c.c.c.g.c.CommongatewayApplication - Started CommongatewayApplication in 6.22 seconds (process running for 7.312)
2025-02-25 13:16:10 [] INFO  o.s.b.w.e.tomcat.GracefulShutdown - Commencing graceful shutdown. Waiting for active requests to complete
2025-02-25 13:16:11 [] INFO  o.s.b.w.e.tomcat.GracefulShutdown - Graceful shutdown complete
2025-02-25 13:16:16 [] DEBUG org.jboss.logging - Logging Provider: org.jboss.logging.Slf4jLoggerProvider found via system property
2025-02-25 13:16:16 [] INFO  o.h.validator.internal.util.Version - HV000001: Hibernate Validator 8.0.2.Final
2025-02-25 13:16:16 [] DEBUG o.h.v.i.x.config.ValidationXmlParser - Trying to load META-INF/validation.xml for XML based Validator configuration.
2025-02-25 13:16:16 [] DEBUG o.h.v.i.x.c.ResourceLoaderHelper - Trying to load META-INF/validation.xml via TCCL
2025-02-25 13:16:16 [] DEBUG o.h.v.i.x.c.ResourceLoaderHelper - Trying to load META-INF/validation.xml via Hibernate Validator's class loader
2025-02-25 13:16:16 [] DEBUG o.h.v.i.x.config.ValidationXmlParser - No META-INF/validation.xml found. Using annotation based configuration only.
2025-02-25 13:16:16 [] DEBUG o.h.v.i.e.r.TraversableResolvers - Cannot find jakarta.persistence.Persistence on classpath. Assuming non JPA 2 environment. All properties will per default be traversable.
2025-02-25 13:16:16 [] DEBUG o.h.v.m.ResourceBundleMessageInterpolator - Loaded expression factory via original TCCL
2025-02-25 13:16:16 [] INFO  c.c.c.g.c.CommongatewayApplication - Starting CommongatewayApplication using Java 17.0.12 with PID 53004 (D:\WORKSPACE\API-GATEWAY\commongateway\target\classes started by CITPL in D:\WORKSPACE\API-GATEWAY)
2025-02-25 13:16:16 [] DEBUG c.c.c.g.c.CommongatewayApplication - Running with Spring Boot v3.4.2, Spring v6.2.2
2025-02-25 13:16:16 [] INFO  c.c.c.g.c.CommongatewayApplication - No active profile set, falling back to 1 default profile: "default"
2025-02-25 13:16:16 [] DEBUG o.h.v.i.e.ValidatorFactoryConfigurationHelper - HV000252: Using org.hibernate.validator.internal.engine.DefaultPropertyNodeNameProvider as property node name provider.
2025-02-25 13:16:16 [] DEBUG o.h.v.i.e.ValidatorFactoryConfigurationHelper - HV000234: Using org.hibernate.validator.messageinterpolation.ResourceBundleMessageInterpolator as ValidatorFactory-scoped message interpolator.
2025-02-25 13:16:16 [] DEBUG o.h.v.i.e.ValidatorFactoryConfigurationHelper - HV000234: Using org.hibernate.validator.internal.engine.resolver.TraverseAllTraversableResolver as ValidatorFactory-scoped traversable resolver.
2025-02-25 13:16:16 [] DEBUG o.h.v.i.e.ValidatorFactoryConfigurationHelper - HV000234: Using org.hibernate.validator.internal.util.ExecutableParameterNameProvider as ValidatorFactory-scoped parameter name provider.
2025-02-25 13:16:16 [] DEBUG o.h.v.i.e.ValidatorFactoryConfigurationHelper - HV000234: Using org.hibernate.validator.internal.engine.DefaultClockProvider as ValidatorFactory-scoped clock provider.
2025-02-25 13:16:16 [] DEBUG o.h.v.i.e.ValidatorFactoryConfigurationHelper - HV000234: Using org.hibernate.validator.internal.engine.scripting.DefaultScriptEvaluatorFactory as ValidatorFactory-scoped script evaluator factory.
2025-02-25 13:16:18 [] INFO  o.s.cloud.context.scope.GenericScope - BeanFactory id=db7a461d-3fba-387a-918c-4c77c09c8bed
2025-02-25 13:16:19 [] INFO  o.s.b.w.e.tomcat.TomcatWebServer - Tomcat initialized with port 8080 (http)
2025-02-25 13:16:19 [] INFO  o.a.coyote.http11.Http11NioProtocol - Initializing ProtocolHandler ["http-nio-8080"]
2025-02-25 13:16:19 [] INFO  o.a.catalina.core.StandardService - Starting service [Tomcat]
2025-02-25 13:16:19 [] INFO  o.a.catalina.core.StandardEngine - Starting Servlet engine: [Apache Tomcat/10.1.34]
2025-02-25 13:16:19 [] INFO  o.a.c.c.C.[Tomcat].[localhost].[/] - Initializing Spring embedded WebApplicationContext
2025-02-25 13:16:19 [] INFO  o.s.b.w.s.c.ServletWebServerApplicationContext - Root WebApplicationContext: initialization completed in 2933 ms
2025-02-25 13:16:19 [] DEBUG i.n.u.i.l.InternalLoggerFactory - Using SLF4J as the default logging framework
2025-02-25 13:16:19 [] DEBUG i.n.util.internal.PlatformDependent0 - -Dio.netty.noUnsafe: false
2025-02-25 13:16:19 [] DEBUG i.n.util.internal.PlatformDependent0 - Java version: 17
2025-02-25 13:16:19 [] DEBUG i.n.util.internal.PlatformDependent0 - sun.misc.Unsafe.theUnsafe: available
2025-02-25 13:16:19 [] DEBUG i.n.util.internal.PlatformDependent0 - sun.misc.Unsafe base methods: all available
2025-02-25 13:16:19 [] DEBUG i.n.util.internal.PlatformDependent0 - sun.misc.Unsafe.storeFence: available
2025-02-25 13:16:19 [] DEBUG i.n.util.internal.PlatformDependent0 - java.nio.Buffer.address: available
2025-02-25 13:16:19 [] DEBUG i.n.util.internal.PlatformDependent0 - direct buffer constructor: unavailable: Reflective setAccessible(true) disabled
2025-02-25 13:16:19 [] DEBUG i.n.util.internal.PlatformDependent0 - java.nio.Bits.unaligned: available, true
2025-02-25 13:16:19 [] DEBUG i.n.util.internal.PlatformDependent0 - jdk.internal.misc.Unsafe.allocateUninitializedArray(int): unavailable: class io.netty.util.internal.PlatformDependent0$7 cannot access class jdk.internal.misc.Unsafe (in module java.base) because module java.base does not export jdk.internal.misc to unnamed module @1dd02175
2025-02-25 13:16:19 [] DEBUG i.n.util.internal.PlatformDependent0 - java.nio.DirectByteBuffer.<init>(long, {int,long}): unavailable
2025-02-25 13:16:19 [] DEBUG i.n.util.internal.PlatformDependent - sun.misc.Unsafe: available
2025-02-25 13:16:19 [] DEBUG i.n.util.internal.PlatformDependent - -Dio.netty.tmpdir: C:\Users\CITPL\AppData\Local\Temp (java.io.tmpdir)
2025-02-25 13:16:19 [] DEBUG i.n.util.internal.PlatformDependent - -Dio.netty.bitMode: 64 (sun.arch.data.model)
2025-02-25 13:16:19 [] DEBUG i.n.util.internal.PlatformDependent - Platform: Windows
2025-02-25 13:16:19 [] DEBUG i.n.util.internal.PlatformDependent - -Dio.netty.maxDirectMemory: -1 bytes
2025-02-25 13:16:19 [] DEBUG i.n.util.internal.PlatformDependent - -Dio.netty.uninitializedArrayAllocationThreshold: -1
2025-02-25 13:16:19 [] DEBUG io.netty.util.internal.CleanerJava9 - java.nio.ByteBuffer.cleaner(): available
2025-02-25 13:16:19 [] DEBUG i.n.util.internal.PlatformDependent - -Dio.netty.noPreferDirect: false
2025-02-25 13:16:20 [] DEBUG reactor.util.Loggers - Using Slf4j logging framework
2025-02-25 13:16:20 [] DEBUG o.h.v.m.ResourceBundleMessageInterpolator - Loaded expression factory via original TCCL
2025-02-25 13:16:20 [] DEBUG o.h.v.i.e.AbstractConfigurationImpl - Setting custom MessageInterpolator of type org.springframework.validation.beanvalidation.LocaleContextMessageInterpolator
2025-02-25 13:16:20 [] DEBUG o.h.v.i.e.AbstractConfigurationImpl - Setting custom ConstraintValidatorFactory of type org.springframework.validation.beanvalidation.SpringConstraintValidatorFactory
2025-02-25 13:16:20 [] DEBUG o.h.v.i.x.config.ValidationXmlParser - Trying to load META-INF/validation.xml for XML based Validator configuration.
2025-02-25 13:16:20 [] DEBUG o.h.v.i.x.c.ResourceLoaderHelper - Trying to load META-INF/validation.xml via user class loader
2025-02-25 13:16:20 [] DEBUG o.h.v.i.x.c.ResourceLoaderHelper - Trying to load META-INF/validation.xml via TCCL
2025-02-25 13:16:20 [] DEBUG o.h.v.i.x.c.ResourceLoaderHelper - Trying to load META-INF/validation.xml via Hibernate Validator's class loader
2025-02-25 13:16:20 [] DEBUG o.h.v.i.x.config.ValidationXmlParser - No META-INF/validation.xml found. Using annotation based configuration only.
2025-02-25 13:16:20 [] DEBUG o.h.v.i.e.r.TraversableResolvers - Cannot find jakarta.persistence.Persistence on classpath. Assuming non JPA 2 environment. All properties will per default be traversable.
2025-02-25 13:16:20 [] DEBUG o.h.v.i.e.ValidatorFactoryConfigurationHelper - HV000252: Using org.hibernate.validator.internal.engine.DefaultPropertyNodeNameProvider as property node name provider.
2025-02-25 13:16:20 [] DEBUG o.h.v.i.e.ValidatorFactoryConfigurationHelper - HV000234: Using org.springframework.validation.beanvalidation.LocaleContextMessageInterpolator as ValidatorFactory-scoped message interpolator.
2025-02-25 13:16:20 [] DEBUG o.h.v.i.e.ValidatorFactoryConfigurationHelper - HV000234: Using org.hibernate.validator.internal.engine.resolver.TraverseAllTraversableResolver as ValidatorFactory-scoped traversable resolver.
2025-02-25 13:16:20 [] DEBUG o.h.v.i.e.ValidatorFactoryConfigurationHelper - HV000234: Using org.hibernate.validator.internal.util.ExecutableParameterNameProvider as ValidatorFactory-scoped parameter name provider.
2025-02-25 13:16:20 [] DEBUG o.h.v.i.e.ValidatorFactoryConfigurationHelper - HV000234: Using org.hibernate.validator.internal.engine.DefaultClockProvider as ValidatorFactory-scoped clock provider.
2025-02-25 13:16:20 [] DEBUG o.h.v.i.e.ValidatorFactoryConfigurationHelper - HV000234: Using org.hibernate.validator.internal.engine.scripting.DefaultScriptEvaluatorFactory as ValidatorFactory-scoped script evaluator factory.
2025-02-25 13:16:20 [] DEBUG _.s.w.s.HandlerMapping.Mappings - 
	c.c.c.g.c.c.HomeController:
	{GET [/home]}: get()
2025-02-25 13:16:20 [] DEBUG _.s.w.s.HandlerMapping.Mappings - 
	o.s.b.a.w.s.e.BasicErrorController:
	{ [/error]}: error(HttpServletRequest)
	{ [/error], produces [text/html]}: errorHtml(HttpServletRequest,HttpServletResponse)
2025-02-25 13:16:20 [] DEBUG _.s.w.s.HandlerMapping.Mappings - 'beanNameHandlerMapping' {}
2025-02-25 13:16:20 [] DEBUG _.s.w.s.HandlerMapping.Mappings - Mapped com.citpl.common.gateway.commongateway.config.RouterConfiguration$$Lambda$895/0x0000026d0151a150@48499739 -> com.citpl.common.gateway.commongateway.config.RouterConfiguration$$Lambda$896/0x0000026d0151a3b8@723742b2
2025-02-25 13:16:20 [] DEBUG _.s.w.s.HandlerMapping.Mappings - Mapped /validate/** -> ProxyExchangeHandlerFunction
/users/** -> ProxyExchangeHandlerFunction
2025-02-25 13:16:20 [] DEBUG _.s.w.s.HandlerMapping.Mappings - 'resourceHandlerMapping' {/webjars/**=ResourceHttpRequestHandler [classpath [META-INF/resources/webjars/]], /**=ResourceHttpRequestHandler [classpath [META-INF/resources/], classpath [resources/], classpath [static/], classpath [public/], ServletContext [/]]}
2025-02-25 13:16:21 [] DEBUG i.n.u.i.InternalThreadLocalMap - -Dio.netty.threadLocalMap.stringBuilder.initialSize: 1024
2025-02-25 13:16:21 [] DEBUG i.n.u.i.InternalThreadLocalMap - -Dio.netty.threadLocalMap.stringBuilder.maxSize: 4096
2025-02-25 13:16:21 [] DEBUG io.netty.util.ResourceLeakDetector - -Dio.netty.leakDetection.level: simple
2025-02-25 13:16:21 [] DEBUG io.netty.util.ResourceLeakDetector - -Dio.netty.leakDetection.targetRecords: 4
2025-02-25 13:16:21 [] DEBUG i.n.handler.codec.compression.Brotli - brotli4j not in the classpath; Brotli support will be unavailable.
2025-02-25 13:16:21 [] DEBUG reactor.netty.tcp.TcpResources - [http] resources will use the default LoopResources: DefaultLoopResources {prefix=reactor-http, daemon=true, selectCount=12, workerCount=12}
2025-02-25 13:16:21 [] DEBUG reactor.netty.tcp.TcpResources - [http] resources will use the default ConnectionProvider: reactor.netty.resources.DefaultPooledConnectionProvider@7eee6c13
2025-02-25 13:16:21 [] DEBUG r.netty.resources.DefaultLoopIOUring - Default io_uring support : false
2025-02-25 13:16:21 [] DEBUG r.netty.resources.DefaultLoopEpoll - Default Epoll support : false
2025-02-25 13:16:21 [] DEBUG r.netty.resources.DefaultLoopKQueue - Default KQueue support : false
2025-02-25 13:16:21 [] DEBUG i.n.c.MultithreadEventLoopGroup - -Dio.netty.eventLoopThreads: 24
2025-02-25 13:16:21 [] DEBUG i.n.u.concurrent.GlobalEventExecutor - -Dio.netty.globalEventExecutor.quietPeriodSeconds: 1
2025-02-25 13:16:21 [] DEBUG io.netty.channel.nio.NioEventLoop - -Dio.netty.noKeySetOptimization: false
2025-02-25 13:16:21 [] DEBUG io.netty.channel.nio.NioEventLoop - -Dio.netty.selectorAutoRebuildThreshold: 512
2025-02-25 13:16:21 [] DEBUG i.n.util.internal.PlatformDependent - org.jctools-core.MpscChunkedArrayQueue: available
2025-02-25 13:16:21 [] DEBUG io.netty.util.NetUtil - -Djava.net.preferIPv4Stack: false
2025-02-25 13:16:21 [] DEBUG io.netty.util.NetUtil - -Djava.net.preferIPv6Addresses: false
2025-02-25 13:16:21 [] DEBUG i.netty.util.NetUtilInitializations - Loopback interface: lo (Software Loopback Interface 1, 127.0.0.1)
2025-02-25 13:16:21 [] DEBUG io.netty.util.NetUtil - Failed to get SOMAXCONN from sysctl and file \proc\sys\net\core\somaxconn. Default: 200
2025-02-25 13:16:21 [] DEBUG i.netty.resolver.dns.DnsNameResolver - Default ResolvedAddressTypes: IPV4_ONLY
2025-02-25 13:16:21 [] DEBUG i.netty.resolver.dns.DnsNameResolver - Localhost address: localhost/127.0.0.1
2025-02-25 13:16:21 [] DEBUG i.netty.resolver.dns.DnsNameResolver - Windows hostname: DESKTOP-P307093
2025-02-25 13:16:21 [] DEBUG i.netty.resolver.dns.DnsNameResolver - Default search domains: []
2025-02-25 13:16:21 [] DEBUG i.netty.resolver.dns.DnsNameResolver - Default UnixResolverOptions{ndots=1, timeout=5, attempts=16}
2025-02-25 13:16:21 [] DEBUG i.n.r.DefaultHostsFileEntriesResolver - -Dio.netty.hostsFileRefreshInterval: 0
2025-02-25 13:16:21 [] DEBUG i.n.r.d.DefaultDnsServerAddressStreamProvider - Default DNS servers: [/8.8.8.8:53, /4.2.2.2:53] (sun.net.dns.ResolverConfiguration)
2025-02-25 13:16:21 [] INFO  o.a.coyote.http11.Http11NioProtocol - Starting ProtocolHandler ["http-nio-8080"]
2025-02-25 13:16:21 [] INFO  o.s.b.w.e.tomcat.TomcatWebServer - Tomcat started on port 8080 (http) with context path '/'
2025-02-25 13:16:22 [] INFO  c.c.c.g.c.CommongatewayApplication - Started CommongatewayApplication in 6.25 seconds (process running for 7.287)
2025-02-25 14:49:42 [] INFO  o.s.b.w.e.tomcat.GracefulShutdown - Commencing graceful shutdown. Waiting for active requests to complete
2025-02-25 14:49:43 [] INFO  o.s.b.w.e.tomcat.GracefulShutdown - Graceful shutdown complete
2025-02-25 14:52:35 [] DEBUG org.jboss.logging - Logging Provider: org.jboss.logging.Slf4jLoggerProvider found via system property
2025-02-25 14:52:35 [] INFO  o.h.validator.internal.util.Version - HV000001: Hibernate Validator 8.0.2.Final
2025-02-25 14:52:35 [] DEBUG o.h.v.i.x.config.ValidationXmlParser - Trying to load META-INF/validation.xml for XML based Validator configuration.
2025-02-25 14:52:35 [] DEBUG o.h.v.i.x.c.ResourceLoaderHelper - Trying to load META-INF/validation.xml via TCCL
2025-02-25 14:52:35 [] DEBUG o.h.v.i.x.c.ResourceLoaderHelper - Trying to load META-INF/validation.xml via Hibernate Validator's class loader
2025-02-25 14:52:35 [] DEBUG o.h.v.i.x.config.ValidationXmlParser - No META-INF/validation.xml found. Using annotation based configuration only.
2025-02-25 14:52:35 [] DEBUG o.h.v.i.e.r.TraversableResolvers - Cannot find jakarta.persistence.Persistence on classpath. Assuming non JPA 2 environment. All properties will per default be traversable.
2025-02-25 14:52:35 [] DEBUG o.h.v.m.ResourceBundleMessageInterpolator - Loaded expression factory via original TCCL
2025-02-25 14:52:35 [] INFO  c.c.c.g.c.CommongatewayApplication - Starting CommongatewayApplication using Java 17.0.12 with PID 38628 (D:\WORKSPACE\API-GATEWAY\commongateway\target\classes started by CITPL in D:\WORKSPACE\API-GATEWAY)
2025-02-25 14:52:35 [] DEBUG c.c.c.g.c.CommongatewayApplication - Running with Spring Boot v3.4.2, Spring v6.2.2
2025-02-25 14:52:35 [] INFO  c.c.c.g.c.CommongatewayApplication - No active profile set, falling back to 1 default profile: "default"
2025-02-25 14:52:36 [] DEBUG o.h.v.i.e.ValidatorFactoryConfigurationHelper - HV000252: Using org.hibernate.validator.internal.engine.DefaultPropertyNodeNameProvider as property node name provider.
2025-02-25 14:52:36 [] DEBUG o.h.v.i.e.ValidatorFactoryConfigurationHelper - HV000234: Using org.hibernate.validator.messageinterpolation.ResourceBundleMessageInterpolator as ValidatorFactory-scoped message interpolator.
2025-02-25 14:52:36 [] DEBUG o.h.v.i.e.ValidatorFactoryConfigurationHelper - HV000234: Using org.hibernate.validator.internal.engine.resolver.TraverseAllTraversableResolver as ValidatorFactory-scoped traversable resolver.
2025-02-25 14:52:36 [] DEBUG o.h.v.i.e.ValidatorFactoryConfigurationHelper - HV000234: Using org.hibernate.validator.internal.util.ExecutableParameterNameProvider as ValidatorFactory-scoped parameter name provider.
2025-02-25 14:52:36 [] DEBUG o.h.v.i.e.ValidatorFactoryConfigurationHelper - HV000234: Using org.hibernate.validator.internal.engine.DefaultClockProvider as ValidatorFactory-scoped clock provider.
2025-02-25 14:52:36 [] DEBUG o.h.v.i.e.ValidatorFactoryConfigurationHelper - HV000234: Using org.hibernate.validator.internal.engine.scripting.DefaultScriptEvaluatorFactory as ValidatorFactory-scoped script evaluator factory.
2025-02-25 14:52:37 [] INFO  o.s.cloud.context.scope.GenericScope - BeanFactory id=db7a461d-3fba-387a-918c-4c77c09c8bed
2025-02-25 14:52:38 [] INFO  o.s.b.w.e.tomcat.TomcatWebServer - Tomcat initialized with port 8080 (http)
2025-02-25 14:52:38 [] INFO  o.a.coyote.http11.Http11NioProtocol - Initializing ProtocolHandler ["http-nio-8080"]
2025-02-25 14:52:38 [] INFO  o.a.catalina.core.StandardService - Starting service [Tomcat]
2025-02-25 14:52:38 [] INFO  o.a.catalina.core.StandardEngine - Starting Servlet engine: [Apache Tomcat/10.1.34]
2025-02-25 14:52:38 [] INFO  o.a.c.c.C.[Tomcat].[localhost].[/] - Initializing Spring embedded WebApplicationContext
2025-02-25 14:52:38 [] INFO  o.s.b.w.s.c.ServletWebServerApplicationContext - Root WebApplicationContext: initialization completed in 2621 ms
2025-02-25 14:52:38 [] DEBUG i.n.u.i.l.InternalLoggerFactory - Using SLF4J as the default logging framework
2025-02-25 14:52:38 [] DEBUG i.n.util.internal.PlatformDependent0 - -Dio.netty.noUnsafe: false
2025-02-25 14:52:38 [] DEBUG i.n.util.internal.PlatformDependent0 - Java version: 17
2025-02-25 14:52:38 [] DEBUG i.n.util.internal.PlatformDependent0 - sun.misc.Unsafe.theUnsafe: available
2025-02-25 14:52:38 [] DEBUG i.n.util.internal.PlatformDependent0 - sun.misc.Unsafe base methods: all available
2025-02-25 14:52:38 [] DEBUG i.n.util.internal.PlatformDependent0 - sun.misc.Unsafe.storeFence: available
2025-02-25 14:52:38 [] DEBUG i.n.util.internal.PlatformDependent0 - java.nio.Buffer.address: available
2025-02-25 14:52:38 [] DEBUG i.n.util.internal.PlatformDependent0 - direct buffer constructor: unavailable: Reflective setAccessible(true) disabled
2025-02-25 14:52:38 [] DEBUG i.n.util.internal.PlatformDependent0 - java.nio.Bits.unaligned: available, true
2025-02-25 14:52:38 [] DEBUG i.n.util.internal.PlatformDependent0 - jdk.internal.misc.Unsafe.allocateUninitializedArray(int): unavailable: class io.netty.util.internal.PlatformDependent0$7 cannot access class jdk.internal.misc.Unsafe (in module java.base) because module java.base does not export jdk.internal.misc to unnamed module @1dd02175
2025-02-25 14:52:38 [] DEBUG i.n.util.internal.PlatformDependent0 - java.nio.DirectByteBuffer.<init>(long, {int,long}): unavailable
2025-02-25 14:52:38 [] DEBUG i.n.util.internal.PlatformDependent - sun.misc.Unsafe: available
2025-02-25 14:52:38 [] DEBUG i.n.util.internal.PlatformDependent - -Dio.netty.tmpdir: C:\Users\CITPL\AppData\Local\Temp (java.io.tmpdir)
2025-02-25 14:52:38 [] DEBUG i.n.util.internal.PlatformDependent - -Dio.netty.bitMode: 64 (sun.arch.data.model)
2025-02-25 14:52:38 [] DEBUG i.n.util.internal.PlatformDependent - Platform: Windows
2025-02-25 14:52:38 [] DEBUG i.n.util.internal.PlatformDependent - -Dio.netty.maxDirectMemory: -1 bytes
2025-02-25 14:52:38 [] DEBUG i.n.util.internal.PlatformDependent - -Dio.netty.uninitializedArrayAllocationThreshold: -1
2025-02-25 14:52:38 [] DEBUG io.netty.util.internal.CleanerJava9 - java.nio.ByteBuffer.cleaner(): available
2025-02-25 14:52:38 [] DEBUG i.n.util.internal.PlatformDependent - -Dio.netty.noPreferDirect: false
2025-02-25 14:52:38 [] DEBUG reactor.util.Loggers - Using Slf4j logging framework
2025-02-25 14:52:39 [] DEBUG o.h.v.m.ResourceBundleMessageInterpolator - Loaded expression factory via original TCCL
2025-02-25 14:52:39 [] DEBUG o.h.v.i.e.AbstractConfigurationImpl - Setting custom MessageInterpolator of type org.springframework.validation.beanvalidation.LocaleContextMessageInterpolator
2025-02-25 14:52:39 [] DEBUG o.h.v.i.e.AbstractConfigurationImpl - Setting custom ConstraintValidatorFactory of type org.springframework.validation.beanvalidation.SpringConstraintValidatorFactory
2025-02-25 14:52:39 [] DEBUG o.h.v.i.x.config.ValidationXmlParser - Trying to load META-INF/validation.xml for XML based Validator configuration.
2025-02-25 14:52:39 [] DEBUG o.h.v.i.x.c.ResourceLoaderHelper - Trying to load META-INF/validation.xml via user class loader
2025-02-25 14:52:39 [] DEBUG o.h.v.i.x.c.ResourceLoaderHelper - Trying to load META-INF/validation.xml via TCCL
2025-02-25 14:52:39 [] DEBUG o.h.v.i.x.c.ResourceLoaderHelper - Trying to load META-INF/validation.xml via Hibernate Validator's class loader
2025-02-25 14:52:39 [] DEBUG o.h.v.i.x.config.ValidationXmlParser - No META-INF/validation.xml found. Using annotation based configuration only.
2025-02-25 14:52:39 [] DEBUG o.h.v.i.e.r.TraversableResolvers - Cannot find jakarta.persistence.Persistence on classpath. Assuming non JPA 2 environment. All properties will per default be traversable.
2025-02-25 14:52:39 [] DEBUG o.h.v.i.e.ValidatorFactoryConfigurationHelper - HV000252: Using org.hibernate.validator.internal.engine.DefaultPropertyNodeNameProvider as property node name provider.
2025-02-25 14:52:39 [] DEBUG o.h.v.i.e.ValidatorFactoryConfigurationHelper - HV000234: Using org.springframework.validation.beanvalidation.LocaleContextMessageInterpolator as ValidatorFactory-scoped message interpolator.
2025-02-25 14:52:39 [] DEBUG o.h.v.i.e.ValidatorFactoryConfigurationHelper - HV000234: Using org.hibernate.validator.internal.engine.resolver.TraverseAllTraversableResolver as ValidatorFactory-scoped traversable resolver.
2025-02-25 14:52:39 [] DEBUG o.h.v.i.e.ValidatorFactoryConfigurationHelper - HV000234: Using org.hibernate.validator.internal.util.ExecutableParameterNameProvider as ValidatorFactory-scoped parameter name provider.
2025-02-25 14:52:39 [] DEBUG o.h.v.i.e.ValidatorFactoryConfigurationHelper - HV000234: Using org.hibernate.validator.internal.engine.DefaultClockProvider as ValidatorFactory-scoped clock provider.
2025-02-25 14:52:39 [] DEBUG o.h.v.i.e.ValidatorFactoryConfigurationHelper - HV000234: Using org.hibernate.validator.internal.engine.scripting.DefaultScriptEvaluatorFactory as ValidatorFactory-scoped script evaluator factory.
2025-02-25 14:52:39 [] DEBUG _.s.w.s.HandlerMapping.Mappings - 
	c.c.c.g.c.c.HomeController:
	{GET [/home]}: get()
2025-02-25 14:52:39 [] DEBUG _.s.w.s.HandlerMapping.Mappings - 
	o.s.b.a.w.s.e.BasicErrorController:
	{ [/error]}: error(HttpServletRequest)
	{ [/error], produces [text/html]}: errorHtml(HttpServletRequest,HttpServletResponse)
2025-02-25 14:52:39 [] DEBUG _.s.w.s.HandlerMapping.Mappings - 'beanNameHandlerMapping' {}
2025-02-25 14:52:39 [] DEBUG _.s.w.s.HandlerMapping.Mappings - Mapped com.citpl.common.gateway.commongateway.config.RouterConfiguration$$Lambda$895/0x000001b8d351cae8@5763a655 -> com.citpl.common.gateway.commongateway.config.RouterConfiguration$$Lambda$896/0x000001b8d351cd50@40c8067
2025-02-25 14:52:39 [] DEBUG _.s.w.s.HandlerMapping.Mappings - Mapped /validate/** -> ProxyExchangeHandlerFunction
/users/** -> ProxyExchangeHandlerFunction
2025-02-25 14:52:39 [] DEBUG _.s.w.s.HandlerMapping.Mappings - 'resourceHandlerMapping' {/webjars/**=ResourceHttpRequestHandler [classpath [META-INF/resources/webjars/]], /**=ResourceHttpRequestHandler [classpath [META-INF/resources/], classpath [resources/], classpath [static/], classpath [public/], ServletContext [/]]}
2025-02-25 14:52:40 [] DEBUG i.n.u.i.InternalThreadLocalMap - -Dio.netty.threadLocalMap.stringBuilder.initialSize: 1024
2025-02-25 14:52:40 [] DEBUG i.n.u.i.InternalThreadLocalMap - -Dio.netty.threadLocalMap.stringBuilder.maxSize: 4096
2025-02-25 14:52:40 [] DEBUG io.netty.util.ResourceLeakDetector - -Dio.netty.leakDetection.level: simple
2025-02-25 14:52:40 [] DEBUG io.netty.util.ResourceLeakDetector - -Dio.netty.leakDetection.targetRecords: 4
2025-02-25 14:52:40 [] DEBUG i.n.handler.codec.compression.Brotli - brotli4j not in the classpath; Brotli support will be unavailable.
2025-02-25 14:52:40 [] DEBUG reactor.netty.tcp.TcpResources - [http] resources will use the default LoopResources: DefaultLoopResources {prefix=reactor-http, daemon=true, selectCount=12, workerCount=12}
2025-02-25 14:52:40 [] DEBUG reactor.netty.tcp.TcpResources - [http] resources will use the default ConnectionProvider: reactor.netty.resources.DefaultPooledConnectionProvider@d504137
2025-02-25 14:52:40 [] DEBUG r.netty.resources.DefaultLoopIOUring - Default io_uring support : false
2025-02-25 14:52:40 [] DEBUG r.netty.resources.DefaultLoopEpoll - Default Epoll support : false
2025-02-25 14:52:40 [] DEBUG r.netty.resources.DefaultLoopKQueue - Default KQueue support : false
2025-02-25 14:52:40 [] DEBUG i.n.c.MultithreadEventLoopGroup - -Dio.netty.eventLoopThreads: 24
2025-02-25 14:52:40 [] DEBUG i.n.u.concurrent.GlobalEventExecutor - -Dio.netty.globalEventExecutor.quietPeriodSeconds: 1
2025-02-25 14:52:40 [] DEBUG io.netty.channel.nio.NioEventLoop - -Dio.netty.noKeySetOptimization: false
2025-02-25 14:52:40 [] DEBUG io.netty.channel.nio.NioEventLoop - -Dio.netty.selectorAutoRebuildThreshold: 512
2025-02-25 14:52:40 [] DEBUG i.n.util.internal.PlatformDependent - org.jctools-core.MpscChunkedArrayQueue: available
2025-02-25 14:52:40 [] DEBUG io.netty.util.NetUtil - -Djava.net.preferIPv4Stack: false
2025-02-25 14:52:40 [] DEBUG io.netty.util.NetUtil - -Djava.net.preferIPv6Addresses: false
2025-02-25 14:52:40 [] DEBUG i.netty.util.NetUtilInitializations - Loopback interface: lo (Software Loopback Interface 1, 127.0.0.1)
2025-02-25 14:52:40 [] DEBUG io.netty.util.NetUtil - Failed to get SOMAXCONN from sysctl and file \proc\sys\net\core\somaxconn. Default: 200
2025-02-25 14:52:40 [] DEBUG i.netty.resolver.dns.DnsNameResolver - Default ResolvedAddressTypes: IPV4_ONLY
2025-02-25 14:52:40 [] DEBUG i.netty.resolver.dns.DnsNameResolver - Localhost address: localhost/127.0.0.1
2025-02-25 14:52:40 [] DEBUG i.netty.resolver.dns.DnsNameResolver - Windows hostname: DESKTOP-P307093
2025-02-25 14:52:40 [] DEBUG i.netty.resolver.dns.DnsNameResolver - Default search domains: []
2025-02-25 14:52:40 [] DEBUG i.netty.resolver.dns.DnsNameResolver - Default UnixResolverOptions{ndots=1, timeout=5, attempts=16}
2025-02-25 14:52:40 [] DEBUG i.n.r.DefaultHostsFileEntriesResolver - -Dio.netty.hostsFileRefreshInterval: 0
2025-02-25 14:52:40 [] DEBUG i.n.r.d.DefaultDnsServerAddressStreamProvider - Default DNS servers: [/8.8.8.8:53, /4.2.2.2:53] (sun.net.dns.ResolverConfiguration)
2025-02-25 14:52:40 [] INFO  o.a.coyote.http11.Http11NioProtocol - Starting ProtocolHandler ["http-nio-8080"]
2025-02-25 14:52:40 [] INFO  o.s.b.w.e.tomcat.TomcatWebServer - Tomcat started on port 8080 (http) with context path '/'
2025-02-25 14:52:40 [] INFO  c.c.c.g.c.CommongatewayApplication - Started CommongatewayApplication in 5.9 seconds (process running for 7.244)
